2023-05-25 16:55:22,922 [INFO] Activator:177 - 


2023-05-25 16:55:22,924 [INFO] Activator:178 - !SESSION log4j initialized
2023-05-25 16:55:46,641 [ERROR] LogOutputStream:74 - [STDERR_REDIRECT] SLF4J: Failed to load class "org.slf4j.impl.StaticLoggerBinder".
2023-05-25 16:55:46,644 [ERROR] LogOutputStream:74 - [STDERR_REDIRECT] SLF4J: Defaulting to no-operation (NOP) logger implementation
2023-05-25 16:55:46,646 [ERROR] LogOutputStream:74 - [STDERR_REDIRECT] SLF4J: See http://www.slf4j.org/codes.html#StaticLoggerBinder for further details.
2023-05-26 15:15:00,931 [INFO] Activator:177 - 


2023-05-26 15:15:00,932 [INFO] Activator:178 - !SESSION log4j initialized
2023-05-26 15:15:35,010 [ERROR] LogOutputStream:74 - [STDERR_REDIRECT] SLF4J: Failed to load class "org.slf4j.impl.StaticLoggerBinder".
2023-05-26 15:15:35,010 [ERROR] LogOutputStream:74 - [STDERR_REDIRECT] SLF4J: Defaulting to no-operation (NOP) logger implementation
2023-05-26 15:15:35,011 [ERROR] LogOutputStream:74 - [STDERR_REDIRECT] SLF4J: See http://www.slf4j.org/codes.html#StaticLoggerBinder for further details.
2023-05-29 08:36:06,331 [INFO] Activator:177 - 


2023-05-29 08:36:06,331 [INFO] Activator:178 - !SESSION log4j initialized
2023-05-29 08:36:31,883 [ERROR] LogOutputStream:74 - [STDERR_REDIRECT] SLF4J: Failed to load class "org.slf4j.impl.StaticLoggerBinder".
2023-05-29 08:36:31,883 [ERROR] LogOutputStream:74 - [STDERR_REDIRECT] SLF4J: Defaulting to no-operation (NOP) logger implementation
2023-05-29 08:36:31,885 [ERROR] LogOutputStream:74 - [STDERR_REDIRECT] SLF4J: See http://www.slf4j.org/codes.html#StaticLoggerBinder for further details.
2023-06-02 13:10:35,287 [INFO] Activator:177 - 


2023-06-02 13:10:35,287 [INFO] Activator:178 - !SESSION log4j initialized
2023-06-02 13:11:01,964 [ERROR] LogOutputStream:74 - [STDERR_REDIRECT] SLF4J: Failed to load class "org.slf4j.impl.StaticLoggerBinder".
2023-06-02 13:11:01,965 [ERROR] LogOutputStream:74 - [STDERR_REDIRECT] SLF4J: Defaulting to no-operation (NOP) logger implementation
2023-06-02 13:11:01,966 [ERROR] LogOutputStream:74 - [STDERR_REDIRECT] SLF4J: See http://www.slf4j.org/codes.html#StaticLoggerBinder for further details.
